1518728452151	geckodriver	INFO	geckodriver 0.19.1
1518728452320	geckodriver	INFO	Listening on 127.0.0.1:53739
1518728453831	mozrunner::runner	INFO	Running command: "/Applications/Firefox.app/Contents/MacOS/firefox-bin" "-marionette" "-profile" "/var/folders/5n/yz0s2_sx4s13sdfk6h2cctgm0000gn/T/rust_mozprofile.2GfoKmcAqYMJ"
1518728454892	Marionette	INFO	Enabled via --marionette
2018-02-15 15:00:56.235 plugin-container[6383:439862] *** CFMessagePort: bootstrap_register(): failed 1100 (0x44c) 'Permission denied', port = 0x823f, name = 'com.apple.tsm.portname'
See /usr/include/servers/bootstrap_defs.h for the error codes.
1518728457343	Marionette	INFO	Listening on port 53748
1518728457446	Marionette	WARN	TLS certificate errors will be ignored for this session
2018-02-15 15:00:58.064 plugin-container[6384:439930] *** CFMessagePort: bootstrap_register(): failed 1100 (0x44c) 'Permission denied', port = 0x8343, name = 'com.apple.tsm.portname'
See /usr/include/servers/bootstrap_defs.h for the error codes.
JavaScript warning: https://catalog.unl.edu/js/jquery-1.10.1.min.js, line 1: Using //@ to indicate sourceMappingURL pragmas is deprecated. Use //# instead
JavaScript error: jar:file:///Applications/Firefox.app/Contents/Resources/omni.ja!/components/nsUrlClassifierListManager.js, line 556: TypeError: this.tablesData[table] is undefined
1518728665792	geckodriver	INFO	geckodriver 0.19.1
1518728665895	geckodriver	INFO	Listening on 127.0.0.1:53848
1518728667627	mozrunner::runner	INFO	Running command: "/Applications/Firefox.app/Contents/MacOS/firefox-bin" "-marionette" "-profile" "/var/folders/5n/yz0s2_sx4s13sdfk6h2cctgm0000gn/T/rust_mozprofile.G0qU7F4wp77P"
1518728668663	Marionette	INFO	Enabled via --marionette
2018-02-15 15:04:29.763 plugin-container[6401:442029] *** CFMessagePort: bootstrap_register(): failed 1100 (0x44c) 'Permission denied', port = 0x833f, name = 'com.apple.tsm.portname'
See /usr/include/servers/bootstrap_defs.h for the error codes.
1518728670750	Marionette	INFO	Listening on port 53857
2018-02-15 15:04:30.770 plugin-container[6402:442114] *** CFMessagePort: bootstrap_register(): failed 1100 (0x44c) 'Permission denied', port = 0x843f, name = 'com.apple.tsm.portname'
See /usr/include/servers/bootstrap_defs.h for the error codes.
1518728670777	Marionette	WARN	TLS certificate errors will be ignored for this session
JavaScript warning: https://catalog.unl.edu/js/jquery-1.10.1.min.js, line 1: Using //@ to indicate sourceMappingURL pragmas is deprecated. Use //# instead
1518731671016	geckodriver	INFO	geckodriver 0.19.1
1518731671114	geckodriver	INFO	Listening on 127.0.0.1:54121
1518731672113	mozrunner::runner	INFO	Running command: "/Applications/Firefox.app/Contents/MacOS/firefox-bin" "-marionette" "-profile" "/var/folders/5n/yz0s2_sx4s13sdfk6h2cctgm0000gn/T/rust_mozprofile.daegYeRmuSY4"
1518731673009	Marionette	INFO	Enabled via --marionette
2018-02-15 15:54:34.340 plugin-container[6674:460440] *** CFMessagePort: bootstrap_register(): failed 1100 (0x44c) 'Permission denied', port = 0x7c3f, name = 'com.apple.tsm.portname'
See /usr/include/servers/bootstrap_defs.h for the error codes.
2018-02-15 15:54:36.349 plugin-container[6675:460501] *** CFMessagePort: bootstrap_register(): failed 1100 (0x44c) 'Permission denied', port = 0x7d03, name = 'com.apple.tsm.portname'
See /usr/include/servers/bootstrap_defs.h for the error codes.
1518731676623	Marionette	INFO	Listening on port 54130
1518731676705	Marionette	WARN	TLS certificate errors will be ignored for this session
JavaScript warning: https://catalog.unl.edu/js/jquery-1.10.1.min.js, line 1: Using //@ to indicate sourceMappingURL pragmas is deprecated. Use //# instead
[GFX1-]: Receive IPC close with reason=AbnormalShutdown
1518735408336	geckodriver	INFO	geckodriver 0.19.1
1518735408438	geckodriver	INFO	Listening on 127.0.0.1:54387
1518735409489	mozrunner::runner	INFO	Running command: "/Applications/Firefox.app/Contents/MacOS/firefox-bin" "-marionette" "-profile" "/var/folders/5n/yz0s2_sx4s13sdfk6h2cctgm0000gn/T/rust_mozprofile.JSI4T3pjwxM7"
1518735410324	Marionette	INFO	Enabled via --marionette
2018-02-15 16:56:51.289 plugin-container[7003:483613] *** CFMessagePort: bootstrap_register(): failed 1100 (0x44c) 'Permission denied', port = 0x7503, name = 'com.apple.tsm.portname'
See /usr/include/servers/bootstrap_defs.h for the error codes.
2018-02-15 16:56:52.417 plugin-container[7004:483668] *** CFMessagePort: bootstrap_register(): failed 1100 (0x44c) 'Permission denied', port = 0x7b3f, name = 'com.apple.tsm.portname'
See /usr/include/servers/bootstrap_defs.h for the error codes.
1518735412701	Marionette	INFO	Listening on port 54396
1518735412815	Marionette	WARN	TLS certificate errors will be ignored for this session
